#
# A fatal error has been detected by the Java Runtime Environment:
#
#  EXCEPTION_ACCESS_VIOLATION (0xc0000005) at pc=0x0000000077a4d155, pid=6208, tid=6344
#
# JRE version: 6.0_34-b04
# Java VM: Java HotSpot(TM) 64-Bit Server VM (20.9-b04 mixed mode windows-amd64 compressed oops)
# Problematic frame:
# C  [ntdll.dll+0x4d155]
#
# If you would like to submit a bug report, please visit:
#   http://java.sun.com/webapps/bugreport/crash.jsp
#

---------------  T H R E A D  ---------------

Current thread (0x000000000089a800):  JavaThread "main" [_thread_in_Java, id=6344, stack(0x0000000002800000,0x0000000002900000)]

siginfo: ExceptionCode=0xc0000005, reading address 0xffffffffffffffff

Registers:
RAX=0x00000000028fcfa8, RBX=0x0000000000000002, RCX=0x00000000028fd078, RDX=0x00000000028fcfe8
RSP=0x00000000028fcf98, RBP=0x000007fee5a25940, RSI=0x0000000000000020, RDI=0x0000000000000000
R8 =0x00000000028f0000, R9 =0x0000000000000003, R10=0x000000070000002e, R11=0x0000000000010e5b
R12=0x0000000000000000, R13=0x0000000000000040, R14=0x0000000000000003, R15=0x000000000089a800
RIP=0x0000000077a4d155, EFLAGS=0x0000000000010202

Top of Stack: (sp=0x00000000028fcf98)
0x00000000028fcf98:   0000000000000202 0000000077a0af89
0x00000000028fcfa8:   000007fffffdc000 0000000000000000
0x00000000028fcfb8:   0000000000000000 00000000085452c0
0x00000000028fcfc8:   0000000009105810 0000000000000010
0x00000000028fcfd8:   0000000000980230 5175b47701d031cc
0x00000000028fcfe8:   0000000002900000 00000000028f0000
0x00000000028fcff8:   0000000000980270 0000000000980230
0x00000000028fd008:   0000000000000057 0000000000000000
0x00000000028fd018:   00000000029118b7 0000000000000002
0x00000000028fd028:   0000000000830080 0000000000980230
0x00000000028fd038:   0000000000830290 0000000000830aa0
0x00000000028fd048:   00000000028fd0a0 0000000008fd38a0
0x00000000028fd058:   0000000000830080 00000000ef08a740
0x00000000028fd068:   0000000000830280 0000000059000059
0x00000000028fd078:   0000000000000000 0000000002000002
0x00000000028fd088:   0000000000980000 0000000000000008 

Instructions: (pc=0x0000000077a4d155)
0x0000000077a4d135:   d0 00 00 00 4c 89 a1 d8 00 00 00 4c 89 a9 e0 00
0x0000000077a4d145:   00 00 4c 89 b1 e8 00 00 00 4c 89 b9 f0 00 00 00
0x0000000077a4d155:   0f ae 81 00 01 00 00 0f 29 81 a0 01 00 00 0f 29
0x0000000077a4d165:   89 b0 01 00 00 0f 29 91 c0 01 00 00 0f 29 99 d0 


Register to memory mapping:

RAX=0x00000000028fcfa8 is pointing into the stack for thread: 0x000000000089a800
RBX=0x0000000000000002 is an unknown value
RCX=0x00000000028fd078 is pointing into the stack for thread: 0x000000000089a800
RDX=0x00000000028fcfe8 is pointing into the stack for thread: 0x000000000089a800
RSP=0x00000000028fcf98 is pointing into the stack for thread: 0x000000000089a800
RBP=0x000007fee5a25940 is an unknown value
RSI=0x0000000000000020 is an unknown value
RDI=0x0000000000000000 is an unknown value
R8 =0x00000000028f0000 is pointing into the stack for thread: 0x000000000089a800
R9 =0x0000000000000003 is an unknown value
R10=0x000000070000002e is an unknown value
R11=0x0000000000010e5b is an unknown value
R12=0x0000000000000000 is an unknown value
R13=0x0000000000000040 is an unknown value
R14=0x0000000000000003 is an unknown value
R15=0x000000000089a800 is a thread


Stack: [0x0000000002800000,0x0000000002900000],  sp=0x00000000028fcf98,  free space=1011k
Native frames: (J=compiled Java code, j=interpreted, Vv=VM code, C=native code)
C  [ntdll.dll+0x4d155]  RtlCaptureContext+0x85

Java frames: (J=compiled Java code, j=interpreted, Vv=VM code)
v  blob 0x000000000293707f
j  sun.misc.URLClassPath.getLoader(I)Lsun/misc/URLClassPath$Loader;+85
j  sun.misc.URLClassPath.access$000(Lsun/misc/URLClassPath;I)Lsun/misc/URLClassPath$Loader;+2
j  sun.misc.URLClassPath$1.next()Z+24
j  sun.misc.URLClassPath$1.hasMoreElements()Z+1
j  java.net.URLClassLoader$3$1.run()Ljava/lang/Object;+7
v  ~StubRoutines::call_stub
j  java.security.AccessController.doPrivileged(Ljava/security/PrivilegedAction;Ljava/security/AccessControlContext;)Ljava/lang/Object;+0
j  java.net.URLClassLoader$3.next()Z+24
j  java.net.URLClassLoader$3.hasMoreElements()Z+1
j  org.codehaus.plexus.classworlds.strategy.AbstractStrategy.addAll(Ljava/util/Collection;Ljava/util/Enumeration;)V+5
j  org.codehaus.plexus.classworlds.strategy.AbstractStrategy.combineResources(Ljava/util/Enumeration;Ljava/util/Enumeration;Ljava/util/Enumeration;)Ljava/util/Enumeration;+20
j  org.codehaus.plexus.classworlds.strategy.SelfFirstStrategy.getResources(Ljava/lang/String;)Ljava/util/Enumeration;+33
j  org.codehaus.plexus.classworlds.realm.ClassRealm.findResources(Ljava/lang/String;)Ljava/util/Enumeration;+30
j  java.lang.ClassLoader.getResources(Ljava/lang/String;)Ljava/util/Enumeration;+37
j  org.sonatype.guice.bean.reflect.URLClassSpace.getResources(Ljava/lang/String;)Ljava/util/Enumeration;+5
j  org.sonatype.guice.plexus.scanners.PlexusXmlScanner.scan(Lorg/sonatype/guice/bean/reflect/ClassSpace;Z)Ljava/util/Map;+33
j  org.sonatype.guice.plexus.binders.PlexusXmlBeanModule.configure(Lcom/google/inject/Binder;)Lorg/sonatype/guice/plexus/config/PlexusBeanSource;+72
j  org.sonatype.guice.plexus.binders.PlexusBindingModule.configure(Lcom/google/inject/Binder;)V+41
j  com.google.inject.spi.Elements$RecordingBinder.install(Lcom/google/inject/Module;)V+31
j  com.google.inject.spi.Elements.getElements(Lcom/google/inject/Stage;Ljava/lang/Iterable;)Ljava/util/List;+40
j  com.google.inject.spi.Elements.getElements([Lcom/google/inject/Module;)Ljava/util/List;+7
j  org.sonatype.guice.bean.binders.MergedModule.configure(Lcom/google/inject/Binder;)V+48
j  com.google.inject.spi.Elements$RecordingBinder.install(Lcom/google/inject/Module;)V+31
j  com.google.inject.spi.Elements.getElements(Lcom/google/inject/Stage;Ljava/lang/Iterable;)Ljava/util/List;+40
j  com.google.inject.internal.InjectorShell$Builder.build(Lcom/google/inject/internal/Initializer;Lcom/google/inject/internal/ProcessedBindingData;Lcom/google/inject/internal/util/Stopwatch;Lcom/google/inject/internal/Errors;)Ljava/util/List;+99
j  com.google.inject.internal.InternalInjectorCreator.build()Lcom/google/inject/Injector;+48
j  com.google.inject.Guice.createInjector(Lcom/google/inject/Stage;Ljava/lang/Iterable;)Lcom/google/inject/Injector;+15
j  com.google.inject.Guice.createInjector(Ljava/lang/Iterable;)Lcom/google/inject/Injector;+4
j  com.google.inject.Guice.createInjector([Lcom/google/inject/Module;)Lcom/google/inject/Injector;+4
j  org.codehaus.plexus.DefaultPlexusContainer.addPlexusInjector(Ljava/util/List;[Lcom/google/inject/Module;)V+88
j  org.codehaus.plexus.DefaultPlexusContainer.<init>(Lorg/codehaus/plexus/ContainerConfiguration;[Lcom/google/inject/Module;)V+380
j  org.codehaus.plexus.DefaultPlexusContainer.<init>(Lorg/codehaus/plexus/ContainerConfiguration;)V+5
j  org.apache.maven.cli.MavenCli.container(Lorg/apache/maven/cli/MavenCli$CliRequest;)V+81
j  org.apache.maven.cli.MavenCli.doMain(Lorg/apache/maven/cli/MavenCli$CliRequest;)I+27
j  org.apache.maven.cli.MavenCli.main([Ljava/lang/String;Lorg/codehaus/plexus/classworlds/ClassWorld;)I+18
v  ~StubRoutines::call_stub
j  sun.reflect.NativeMethodAccessorImpl.invoke0(Ljava/lang/reflect/Method;Ljava/lang/Object;[Ljava/lang/Object;)Ljava/lang/Object;+0
j  sun.reflect.NativeMethodAccessorImpl.invoke(Ljava/lang/Object;[Ljava/lang/Object;)Ljava/lang/Object;+87
j  sun.reflect.DelegatingMethodAccessorImpl.invoke(Ljava/lang/Object;[Ljava/lang/Object;)Ljava/lang/Object;+6
j  java.lang.reflect.Method.invoke(Ljava/lang/Object;[Ljava/lang/Object;)Ljava/lang/Object;+161
j  org.codehaus.plexus.classworlds.launcher.Launcher.launchEnhanced([Ljava/lang/String;)V+45
j  org.codehaus.plexus.classworlds.launcher.Launcher.launch([Ljava/lang/String;)V+2
j  org.codehaus.plexus.classworlds.launcher.Launcher.mainWithExitCode([Ljava/lang/String;)I+97
j  org.codehaus.plexus.classworlds.launcher.Launcher.main([Ljava/lang/String;)V+1
v  ~StubRoutines::call_stub

---------------  P R O C E S S  ---------------

Java Threads: ( => current thread )
  0x0000000006a64800 JavaThread "Low Memory Detector" daemon [_thread_blocked, id=6860, stack(0x0000000007ae0000,0x0000000007be0000)]
  0x0000000006a55800 JavaThread "C2 CompilerThread1" daemon [_thread_blocked, id=10008, stack(0x00000000079e0000,0x0000000007ae0000)]
  0x0000000006a50800 JavaThread "C2 CompilerThread0" daemon [_thread_blocked, id=1988, stack(0x00000000078e0000,0x00000000079e0000)]
  0x0000000006a4e000 JavaThread "Attach Listener" daemon [_thread_blocked, id=8384, stack(0x00000000077e0000,0x00000000078e0000)]
  0x0000000006a4b000 JavaThread "Signal Dispatcher" daemon [_thread_blocked, id=6596, stack(0x00000000076e0000,0x00000000077e0000)]
  0x00000000069d3000 JavaThread "Finalizer" daemon [_thread_blocked, id=6928, stack(0x00000000075e0000,0x00000000076e0000)]
  0x00000000069cc800 JavaThread "Reference Handler" daemon [_thread_blocked, id=8532, stack(0x00000000074e0000,0x00000000075e0000)]
=>0x000000000089a800 JavaThread "main" [_thread_in_Java, id=6344, stack(0x0000000002800000,0x0000000002900000)]

Other Threads:
  0x00000000069b8800 VMThread [stack: 0x00000000073e0000,0x00000000074e0000] [id=4544]
  0x0000000006a6d800 WatcherThread [stack: 0x0000000007be0000,0x0000000007ce0000] [id=6660]

VM state:not at safepoint (normal execution)

VM Mutex/Monitor currently owned by a thread: None

Heap
 PSYoungGen      total 37760K, used 11780K [0x00000007d5e00000, 0x00000007d8820000, 0x0000000800000000)
  eden space 32384K, 36% used [0x00000007d5e00000,0x00000007d6981120,0x00000007d7da0000)
  from space 5376K, 0% used [0x00000007d82e0000,0x00000007d82e0000,0x00000007d8820000)
  to   space 5376K, 0% used [0x00000007d7da0000,0x00000007d7da0000,0x00000007d82e0000)
 PSOldGen        total 86272K, used 0K [0x0000000781a00000, 0x0000000786e40000, 0x00000007d5e00000)
  object space 86272K, 0% used [0x0000000781a00000,0x0000000781a00000,0x0000000786e40000)
 PSPermGen       total 21248K, used 7052K [0x000000077c800000, 0x000000077dcc0000, 0x0000000781a00000)
  object space 21248K, 33% used [0x000000077c800000,0x000000077cee31b0,0x000000077dcc0000)

Code Cache  [0x0000000002900000, 0x0000000002b70000, 0x0000000005900000)
 total_blobs=246 nmethods=38 adapters=162 free_code_cache=49813376 largest_free_block=21120

Dynamic libraries:
0x0000000000400000 - 0x000000000042f000 	C:\Program Files\Java\jdk1.6.0_34\bin\javaw.exe
0x0000000077a00000 - 0x0000000077ba8000 	C:\Windows\SYSTEM32\ntdll.dll
0x00000000777e0000 - 0x00000000778ff000 	C:\Windows\system32\kernel32.dll
0x000007fefdb50000 - 0x000007fefdbbc000 	C:\Windows\system32\KERNELBASE.dll
0x000007fefef20000 - 0x000007fefeffb000 	C:\Windows\system32\ADVAPI32.dll
0x000007feff110000 - 0x000007feff1af000 	C:\Windows\system32\msvcrt.dll
0x000007feffbc0000 - 0x000007feffbdf000 	C:\Windows\SYSTEM32\sechost.dll
0x000007feffbe0000 - 0x000007feffd0d000 	C:\Windows\system32\RPCRT4.dll
0x0000000077900000 - 0x00000000779fa000 	C:\Windows\system32\USER32.dll
0x000007feff780000 - 0x000007feff7e7000 	C:\Windows\system32\GDI32.dll
0x000007feff3d0000 - 0x000007feff3de000 	C:\Windows\system32\LPK.dll
0x000007fefddf0000 - 0x000007fefdeb9000 	C:\Windows\system32\USP10.dll
0x000007fefd730000 - 0x000007fefd787000 	C:\Windows\system32\apphelp.dll
0x000007fef8490000 - 0x000007fef84ea000 	C:\Windows\AppPatch\AppPatch64\AcLayers.DLL
0x000007fef92e0000 - 0x000007fef9351000 	C:\Windows\system32\WINSPOOL.DRV
0x000007fef92c0000 - 0x000007fef92d8000 	C:\Windows\system32\MPR.dll
0x000007fee5910000 - 0x000007fee5d77000 	C:\Windows\AppPatch\AppPatch64\AcXtrnal.DLL
0x000007fef84f0000 - 0x000007fef8541000 	C:\Windows\AppPatch\AppPatch64\AcGenral.DLL
0x000007fefd650000 - 0x000007fefd675000 	C:\Windows\system32\SspiCli.dll
0x000007feff1e0000 - 0x000007feff251000 	C:\Windows\system32\SHLWAPI.dll
0x000007feff7f0000 - 0x000007feff9f3000 	C:\Windows\system32\ole32.dll
0x000007fefdec0000 - 0x000007fefec49000 	C:\Windows\system32\SHELL32.dll
0x0000000070230000 - 0x0000000070233000 	C:\Windows\system32\sfc.dll
0x000007fef9250000 - 0x000007fef9260000 	C:\Windows\system32\sfc_os.DLL
0x000007fefd8b0000 - 0x000007fefd8ce000 	C:\Windows\system32\USERENV.dll
0x000007fefd850000 - 0x000007fefd85f000 	C:\Windows\system32\profapi.dll
0x000007fefb7b0000 - 0x000007fefb7c8000 	C:\Windows\system32\dwmapi.dll
0x000007feff1b0000 - 0x000007feff1de000 	C:\Windows\system32\IMM32.DLL
0x000007feff000000 - 0x000007feff109000 	C:\Windows\system32\MSCTF.dll
0x000000006d8b0000 - 0x000000006e069000 	C:\Program Files\Java\jdk1.6.0_34\jre\bin\server\jvm.dll
0x000007fefb530000 - 0x000007fefb56b000 	C:\Windows\system32\WINMM.dll
0x000000006d820000 - 0x000000006d82e000 	C:\Program Files\Java\jdk1.6.0_34\jre\bin\verify.dll
0x000000006d450000 - 0x000000006d477000 	C:\Program Files\Java\jdk1.6.0_34\jre\bin\java.dll
0x000000006d870000 - 0x000000006d882000 	C:\Program Files\Java\jdk1.6.0_34\jre\bin\zip.dll
0x0000000077bd0000 - 0x0000000077bd7000 	C:\Windows\system32\PSAPI.DLL

VM Arguments:
jvm_args: -Dmaven.home=EMBEDDED -Dclassworlds.conf=D:\Desarrollo\clientes\otros\admCeppi\ws\.metadata\.plugins\org.eclipse.m2e.launching\launches\m2conf3246282909261634164.tmp -Dmaven.bootclasspath=/D:/Programas/ide/Eclipse WebLogic 12/configuration/org.eclipse.osgi/bundles/998/1/.cp/jars/plexus-classworlds-2.4.jar -Dfile.encoding=Cp1252 
java_command: org.codehaus.plexus.classworlds.launcher.Launcher -B clean compile -X
Launcher Type: SUN_STANDARD

Environment Variables:
JAVA_HOME=C:\Program Files\Java\jdk1.6.0_34
PATH=C:\ProgramData\Oracle\Java\javapath;C:\Program Files\Java\jdk1.6.0_34;JAVA_HOME\bin;C:\oraclexe\app\oracle\product\11.2.0\server\bin;C:\Program Files\Common Files\Microsoft Shared\Windows Live;C:\Program Files (x86)\Common Files\Microsoft Shared\Windows Live;C:\Windows\system32;C:\Windows;C:\Windows\System32\Wbem;C:\Windows\System32\WindowsPowerShell\v1.0\;C:\Program Files\Broadcom\Broadcom 802.11\Driver;C:\Program Files (x86)\Intel\OpenCL SDK\3.0\bin\x86;C:\Program Files (x86)\Intel\OpenCL SDK\3.0\bin\x64;C:\Program Files (x86)\Windows Live\Shared;C:\Program Files\SlikSvn\bin;C:\Program Files (x86)\Microsoft SQL Server\90\Tools\binn\;C:\Program Files (x86)\IDM Computer Solutions\UltraEdit\
USERNAME=dmaldonado
OS=Windows_NT
PROCESSOR_IDENTIFIER=Intel64 Family 6 Model 58 Stepping 9, GenuineIntel



---------------  S Y S T E M  ---------------

OS: Windows 7 , 64 bit Build 7600 

CPU:total 8 (4 cores per cpu, 2 threads per core) family 6 model 58 stepping 9, cmov, cx8, fxsr, mmx, sse, sse2, sse3, ssse3, sse4.1, sse4.2, popcnt, ht

Memory: 4k page, physical 8278304k(883932k free), swap 16554756k(4492700k free)

vm_info: Java HotSpot(TM) 64-Bit Server VM (20.9-b04) for windows-amd64 JRE (1.6.0_34-b04), built on Jul 19 2012 00:49:04 by "java_re" with MS VC++ 8.0 (VS2005)

time: Sun Jul 12 21:26:41 2015
elapsed time: 1 seconds

